[withumair.com/index.html]
[backblue.gif]
[fade.gif]
[index.html]
[stcdn.leadconnectorhq.com/intl-tel-input/17.0.12/img/flags.png]
[stcdn.leadconnectorhq.com/_preview/Bfx9ueE_.js]
[stcdn.leadconnectorhq.com/_preview/DMveWpan.js]
[stcdn.leadconnectorhq.com/_preview/mjlJy89m.js]
[stcdn.leadconnectorhq.com/_preview/Ms7JwdUZ.js]
[stcdn.leadconnectorhq.com/_preview/DYa7OZHt.js]
[stcdn.leadconnectorhq.com/_preview/DKgIk2Ip.js]
[stcdn.leadconnectorhq.com/_preview/Daug-Kll.js]
[stcdn.leadconnectorhq.com/_preview/DcUmViOC.js]
[stcdn.leadconnectorhq.com/_preview/AXT-SMrU.js]
[stcdn.leadconnectorhq.com/_preview/BgvTlRCS.js]
[stcdn.leadconnectorhq.com/_preview/D68WIYZ5.js]
[stcdn.leadconnectorhq.com/_preview/DUIwg4bG.js]
[stcdn.leadconnectorhq.com/_preview/BhiFP3x4.js]
[stcdn.leadconnectorhq.com/_preview/B37-oF4L.js]
[stcdn.leadconnectorhq.com/_preview/j6CEGeyC.js]
[stcdn.leadconnectorhq.com/_preview/Dgf6m4fo.js]
[stcdn.leadconnectorhq.com/_preview/DGsDz6wK.js]
[stcdn.leadconnectorhq.com/_preview/CenvAvwo.js]
[stcdn.leadconnectorhq.com/_preview/DPku3Klj.js]
[stcdn.leadconnectorhq.com/_preview/CFSj3MMp.js]
[stcdn.leadconnectorhq.com/_preview/RR41K95g.js]
[stcdn.leadconnectorhq.com/_preview/DIkPCKOl.js]
[stcdn.leadconnectorhq.com/_preview/b39E4duh.js]
[stcdn.leadconnectorhq.com/_preview/aVqSRMqJ.js]
[stcdn.leadconnectorhq.com/_preview/CLy5mhe_.js]
[stcdn.leadconnectorhq.com/_preview/BvjwWqTm.js]
[app.cal.com/embed/embed.js]
[assets.cdn.filesafe.space/B3a6hs9JTYdYyIDQkauN/media/69e0ab60109243d2cc3e248e.png]
[assets.cdn.filesafe.space/B3a6hs9JTYdYyIDQkauN/media/69e0bb3b86b70ace4c4df13e.png]
[static.videoask.com/embed/embed.js]
[withumair.com/cdn-cgi/l/email-protection.20.delayed]
[withumair.com/cdn-cgi/scripts/5c5dd728/cloudflare-static/email-decode.min.js]
[withumair.com/confirmation-page]
[withumair.com/index.html]
[withumair.com/cdn-cgi/l/email-protection.html]
[withumair.com/confirmation-page.html]
